Using pre-set license
Built from '2020.3/staging' branch; Version is '2020.3.0f1 (c7b5465681fb) revision 13088070'; Using compiler version '192528614'; Build Type 'Release'
OS: 'Windows 10 Home; OS build 19041.867; Version 2004; 64bit' Language: 'en' Physical Memory: 32646 MB
BatchMode: 1, IsHumanControllingUs: 0, StartBugReporterOnCrash: 0, Is64bit: 1, IsPro: 0

 COMMAND LINE ARGUMENTS:
D:\Unity Engines\2020.3.0f1\Editor\Unity.exe
-adb2
-batchMode
-noUpm
-name
AssetImportWorker0
-projectPath
C:/Users/ec17k/Downloads/GAME3033_Lab9_Kravchenko_Ivan
-logFile
Logs/AssetImportWorker0.log
-srvPort
56446
Successfully changed project path to: C:/Users/ec17k/Downloads/GAME3033_Lab9_Kravchenko_Ivan
C:/Users/ec17k/Downloads/GAME3033_Lab9_Kravchenko_Ivan
Using Asset Import Pipeline V2.
Refreshing native plugins compatible for Editor in 62.15 ms, found 0 plugins.
Preloading 0 native plugins for Editor in 0.00 ms.
Initialize engine version: 2020.3.0f1 (c7b5465681fb)
[Subsystems] Discovering subsystems at path D:/Unity Engines/2020.3.0f1/Editor/Data/Resources/UnitySubsystems
[Subsystems] Discovering subsystems at path C:/Users/ec17k/Downloads/GAME3033_Lab9_Kravchenko_Ivan/Assets
GfxDevice: creating device client; threaded=0
Direct3D:
    Version:  Direct3D 11.0 [level 11.1]
    Renderer: Radeon Pro 570X (ID=0x67df)
    Vendor:   
    VRAM:     4076 MB
    Driver:   25.20.15024.4
Initialize mono
Mono path[0] = 'D:/Unity Engines/2020.3.0f1/Editor/Data/Managed'
Mono path[1] = 'D:/Unity Engines/2020.3.0f1/Editor/Data/MonoBleedingEdge/lib/mono/unityjit'
Mono config path = 'D:/Unity Engines/2020.3.0f1/Editor/Data/MonoBleedingEdge/etc'
Using monoOptions --debugger-agent=transport=dt_socket,embedding=1,server=y,suspend=n,address=127.0.0.1:56260
Begin MonoManager ReloadAssembly
Registering precompiled unity dll's ...
Register platform support module: D:/Unity Engines/2020.3.0f1/Editor/Data/PlaybackEngines/MacStandaloneSupport/UnityEditor.OSXStandalone.Extensions.dll
Register platform support module: D:/Unity Engines/2020.3.0f1/Editor/Data/PlaybackEngines/WindowsStandaloneSupport/UnityEditor.WindowsStandalone.Extensions.dll
Registered in 0.001872 seconds.
Native extension for WindowsStandalone target not found
Native extension for OSXStandalone target not found
Refreshing native plugins compatible for Editor in 55.24 ms, found 0 plugins.
Preloading 0 native plugins for Editor in 0.00 ms.
Invoked RoslynAnalysisRunner static constructor.
RoslynAnalysisRunner will not be running.
RoslynAnalysisRunner has terminated.
Mono: successfully reloaded assembly
- Completed reload, in  1.090 seconds
Platform modules already initialized, skipping
Registering precompiled user dll's ...
Registered in 0.000945 seconds.
Begin MonoManager ReloadAssembly
Native extension for WindowsStandalone target not found
Native extension for OSXStandalone target not found
Refreshing native plugins compatible for Editor in 55.07 ms, found 0 plugins.
Preloading 0 native plugins for Editor in 0.00 ms.
Invoked RoslynAnalysisRunner static constructor.
RoslynAnalysisRunner will not be running.
RoslynAnalysisRunner has terminated.
Mono: successfully reloaded assembly
- Completed reload, in  1.043 seconds
Platform modules already initialized, skipping
========================================================================
Worker process is ready to serve import requests
Launched and connected shader compiler UnityShaderCompiler.exe after 0.04 seconds
Refreshing native plugins compatible for Editor in 0.53 ms, found 0 plugins.
Preloading 0 native plugins for Editor in 0.00 ms.
Unloading 1970 Unused Serialized files (Serialized files now loaded: 0)
System memory in use before: 95.0 MB.
System memory in use after: 95.0 MB.

Unloading 106 unused Assets to reduce memory usage. Loaded Objects now: 2406.
Total: 2.966200 ms (FindLiveObjects: 0.319500 ms CreateObjectMapping: 0.201100 ms MarkObjects: 2.268000 ms  DeleteObjects: 0.176500 ms)

========================================================================
Received Import Request.
  path: Assets/New Terrain.asset
  artifactKey: Guid(73aff9df5e69acc43bfe31d135ec8d2c) Importer(815301076,1909f56bfc062723c751e8b465ee728b)
Start importing Assets/New Terrain.asset using Guid(73aff9df5e69acc43bfe31d135ec8d2c) Importer(815301076,1909f56bfc062723c751e8b465ee728b)  -> (artifact id: '4f2386e84ed0f8f82eb6045cc92328e4') in 0.030276 seconds
  Import took 0.033590 seconds .

========================================================================
Received Import Request.
  Time since last request: 72.463092 seconds.
  path: Assets/Scenes/EnviromentScene.unity
  artifactKey: Guid(286e0ddb6915909428962ddf5ab46905) Importer(815301076,1909f56bfc062723c751e8b465ee728b)
Start importing Assets/Scenes/EnviromentScene.unity using Guid(286e0ddb6915909428962ddf5ab46905) Importer(815301076,1909f56bfc062723c751e8b465ee728b)  -> (artifact id: '4f5250908f0db842e1709b252f2013e3') in 0.005729 seconds
  Import took 0.009508 seconds .

========================================================================
Received Import Request.
  Time since last request: 0.005418 seconds.
  path: Assets/Scenes/EnviromentScene.unity
  artifactKey: Guid(286e0ddb6915909428962ddf5ab46905) Importer(815301076,1909f56bfc062723c751e8b465ee728b)
Start importing Assets/Scenes/EnviromentScene.unity using Guid(286e0ddb6915909428962ddf5ab46905) Importer(815301076,1909f56bfc062723c751e8b465ee728b)  -> (artifact id: '4f5250908f0db842e1709b252f2013e3') in 0.001980 seconds
  Import took 0.005007 seconds .

========================================================================
Received Import Request.
  Time since last request: 2.197889 seconds.
  path: Assets/Scenes/Demo_City_Playable.unity
  artifactKey: Guid(141ca4cc951cf064285afa3d0da98636) Importer(815301076,1909f56bfc062723c751e8b465ee728b)
Start importing Assets/Scenes/Demo_City_Playable.unity using Guid(141ca4cc951cf064285afa3d0da98636) Importer(815301076,1909f56bfc062723c751e8b465ee728b)  -> (artifact id: 'fb03a723c2bb0ffb4812a388081804d9') in 0.007102 seconds
  Import took 0.010606 seconds .

========================================================================
Received Prepare
Registering precompiled user dll's ...
Registered in 0.000889 seconds.
Begin MonoManager ReloadAssembly
Native extension for WindowsStandalone target not found
Native extension for OSXStandalone target not found
Refreshing native plugins compatible for Editor in 0.52 ms, found 0 plugins.
Preloading 0 native plugins for Editor in 0.00 ms.
Warning: Annotation not found!
UnityEngine.StackTraceUtility:ExtractStackTrace ()
UnityEditor.ProBuilder.EditorUtility:SetGizmoIconEnabled (System.Type,bool) (at Library/PackageCache/com.unity.probuilder@4.4.0/Editor/EditorCore/EditorUtility.cs:593)
UnityEditor.ProBuilder.HierarchyListener:.cctor () (at Library/PackageCache/com.unity.probuilder@4.4.0/Editor/EditorCore/HierarchyListener.cs:21)
System.Runtime.CompilerServices.RuntimeHelpers:RunClassConstructor (System.RuntimeTypeHandle)
UnityEditor.EditorAssemblies:ProcessInitializeOnLoadAttributes (System.Type[])

[Library/PackageCache/com.unity.probuilder@4.4.0/Editor/EditorCore/EditorUtility.cs line 593]

Invoked RoslynAnalysisRunner static constructor.
RoslynAnalysisRunner will not be running.
RoslynAnalysisRunner has terminated.
Mono: successfully reloaded assembly
- Completed reload, in  0.854 seconds
Platform modules already initialized, skipping
Refreshing native plugins compatible for Editor in 0.52 ms, found 0 plugins.
Preloading 0 native plugins for Editor in 0.00 ms.
Unloading 1915 Unused Serialized files (Serialized files now loaded: 0)
System memory in use before: 91.9 MB.
System memory in use after: 91.5 MB.

Unloading 8 unused Assets to reduce memory usage. Loaded Objects now: 2410.
Total: 2.452800 ms (FindLiveObjects: 0.187600 ms CreateObjectMapping: 0.074000 ms MarkObjects: 1.824700 ms  DeleteObjects: 0.365200 ms)

AssetImportWorkerClient::OnTransportError - code=2 error=End of file
